2024-03-10 08:33:42.600 [info] Log level: Info
2024-03-10 08:33:42.600 [info] Validating found git in: "git"
2024-03-10 08:33:42.600 [info] Using git "2.39.3" from "git"
2024-03-10 08:33:42.600 [info] > git rev-parse --show-toplevel [5ms]
2024-03-10 08:33:42.602 [info] > git rev-parse --git-dir --git-common-dir [3ms]
2024-03-10 08:33:42.619 [info] Open repository: /home/installer
2024-03-10 08:33:42.637 [info] > git config --get commit.template [8ms]
2024-03-10 08:33:42.641 [info] > git rev-parse --show-toplevel [7ms]
2024-03-10 08:33:42.657 [info] > git for-each-ref --format=%(refname)%00%(upstream:short)%00%(objectname)%00%(upstream:track)%00%(upstream:remotename)%00%(upstream:remoteref) refs/heads/master refs/remotes/master [10ms]
2024-03-10 08:33:42.659 [info] > git rev-parse --show-toplevel [5ms]
2024-03-10 08:33:42.679 [info] > git rev-parse --show-toplevel [15ms]
2024-03-10 08:33:42.696 [info] > git rev-parse --show-toplevel [9ms]
2024-03-10 08:33:42.709 [info] > git status -z -uall [32ms]
2024-03-10 08:33:43.152 [info] > git rev-parse --show-toplevel [447ms]
2024-03-10 08:33:43.166 [info] > git config --get commit.template [46ms]
2024-03-10 08:33:43.177 [info] > git rev-parse --show-toplevel [13ms]
2024-03-10 08:33:43.194 [info] > git check-ignore -v -z --stdin [19ms]
2024-03-10 08:33:43.197 [info] > git rev-parse --show-toplevel [5ms]
2024-03-10 08:33:43.198 [info] > git for-each-ref --format=%(refname)%00%(upstream:short)%00%(objectname)%00%(upstream:track)%00%(upstream:remotename)%00%(upstream:remoteref) refs/heads/master refs/remotes/master [13ms]
2024-03-10 08:33:43.218 [info] > git rev-parse --show-toplevel [11ms]
2024-03-10 08:33:43.257 [info] > git status -z -uall [40ms]
2024-03-10 08:33:43.257 [info] > git rev-parse --show-toplevel [26ms]
2024-03-10 08:33:43.328 [info] > git rev-parse --show-toplevel [7ms]
2024-03-10 08:33:46.800 [info] > git check-ignore -v -z --stdin [8ms]
2024-03-10 08:33:46.873 [info] > git config --get commit.template [12ms]
2024-03-10 08:33:46.873 [info] > git for-each-ref --format=%(refname)%00%(upstream:short)%00%(objectname)%00%(upstream:track)%00%(upstream:remotename)%00%(upstream:remoteref) refs/heads/master refs/remotes/master [3ms]
2024-03-10 08:33:46.926 [info] > git status -z -uall [33ms]
2024-03-10 08:33:51.725 [info] > git show --textconv :public_html/index.html [26ms]
2024-03-10 08:33:51.739 [info] > git ls-files --stage -- /home/installer/public_html/index.html [17ms]
2024-03-10 08:33:51.813 [info] > git show --textconv :public_html/index.html [29ms]
2024-03-10 08:33:51.824 [info] > git ls-files --stage -- /home/installer/public_html/index.html [13ms]
2024-03-10 08:33:52.018 [info] > git config --get commit.template [16ms]
2024-03-10 08:33:52.021 [info] > git for-each-ref --format=%(refname)%00%(upstream:short)%00%(objectname)%00%(upstream:track)%00%(upstream:remotename)%00%(upstream:remoteref) refs/heads/master refs/remotes/master [5ms]
2024-03-10 08:33:52.059 [info] > git status -z -uall [23ms]
2024-03-10 08:33:57.149 [info] > git for-each-ref --format=%(refname)%00%(upstream:short)%00%(objectname)%00%(upstream:track)%00%(upstream:remotename)%00%(upstream:remoteref) refs/heads/master refs/remotes/master [18ms]
2024-03-10 08:33:57.150 [info] > git config --get commit.template [27ms]
2024-03-10 08:33:57.180 [info] > git status -z -uall [20ms]
2024-03-10 08:34:02.241 [info] > git config --get commit.template [19ms]
2024-03-10 08:34:02.243 [info] > git for-each-ref --format=%(refname)%00%(upstream:short)%00%(objectname)%00%(upstream:track)%00%(upstream:remotename)%00%(upstream:remoteref) refs/heads/master refs/remotes/master [7ms]
2024-03-10 08:34:02.272 [info] > git status -z -uall [12ms]
2024-03-10 08:34:16.583 [info] > git config --get commit.template [10ms]
2024-03-10 08:34:16.584 [info] > git for-each-ref --format=%(refname)%00%(upstream:short)%00%(objectname)%00%(upstream:track)%00%(upstream:remotename)%00%(upstream:remoteref) refs/heads/master refs/remotes/master [3ms]
2024-03-10 08:34:16.605 [info] > git status -z -uall [14ms]
2024-03-10 08:34:21.660 [info] > git config --get commit.template [8ms]
2024-03-10 08:34:21.661 [info] > git for-each-ref --format=%(refname)%00%(upstream:short)%00%(objectname)%00%(upstream:track)%00%(upstream:remotename)%00%(upstream:remoteref) refs/heads/master refs/remotes/master [2ms]
2024-03-10 08:34:21.680 [info] > git status -z -uall [11ms]
2024-03-10 08:34:22.399 [info] > git show --textconv :README.md [13ms]
2024-03-10 08:34:22.401 [info] > git ls-files --stage -- /home/installer/README.md [3ms]
2024-03-10 08:34:22.417 [info] > git cat-file -s 143426373751f4a1ce0d6961ce5c984489e2333d [6ms]
2024-03-10 08:34:26.739 [info] > git config --get commit.template [11ms]
2024-03-10 08:34:26.740 [info] > git for-each-ref --format=%(refname)%00%(upstream:short)%00%(objectname)%00%(upstream:track)%00%(upstream:remotename)%00%(upstream:remoteref) refs/heads/master refs/remotes/master [3ms]
2024-03-10 08:34:26.767 [info] > git status -z -uall [17ms]
2024-03-10 08:34:31.824 [info] > git config --get commit.template [10ms]
2024-03-10 08:34:31.825 [info] > git for-each-ref --format=%(refname)%00%(upstream:short)%00%(objectname)%00%(upstream:track)%00%(upstream:remotename)%00%(upstream:remoteref) refs/heads/master refs/remotes/master [4ms]
2024-03-10 08:34:31.854 [info] > git status -z -uall [11ms]
2024-03-10 08:34:36.901 [info] > git config --get commit.template [1ms]
2024-03-10 08:34:36.917 [info] > git for-each-ref --format=%(refname)%00%(upstream:short)%00%(objectname)%00%(upstream:track)%00%(upstream:remotename)%00%(upstream:remoteref) refs/heads/master refs/remotes/master [2ms]
2024-03-10 08:34:36.942 [info] > git status -z -uall [13ms]
2024-03-10 08:34:42.029 [info] > git config --get commit.template [38ms]
2024-03-10 08:34:42.030 [info] > git for-each-ref --format=%(refname)%00%(upstream:short)%00%(objectname)%00%(upstream:track)%00%(upstream:remotename)%00%(upstream:remoteref) refs/heads/master refs/remotes/master [4ms]
2024-03-10 08:34:42.057 [info] > git status -z -uall [14ms]
2024-03-10 08:34:47.135 [info] > git config --get commit.template [24ms]
2024-03-10 08:34:47.137 [info] > git for-each-ref --format=%(refname)%00%(upstream:short)%00%(objectname)%00%(upstream:track)%00%(upstream:remotename)%00%(upstream:remoteref) refs/heads/master refs/remotes/master [4ms]
2024-03-10 08:34:47.158 [info] > git status -z -uall [11ms]
2024-03-10 08:34:52.216 [info] > git config --get commit.template [12ms]
2024-03-10 08:34:52.217 [info] > git for-each-ref --format=%(refname)%00%(upstream:short)%00%(objectname)%00%(upstream:track)%00%(upstream:remotename)%00%(upstream:remoteref) refs/heads/master refs/remotes/master [3ms]
2024-03-10 08:34:52.241 [info] > git status -z -uall [13ms]
2024-03-10 08:34:57.294 [info] > git config --get commit.template [3ms]
2024-03-10 08:34:57.308 [info] > git for-each-ref --format=%(refname)%00%(upstream:short)%00%(objectname)%00%(upstream:track)%00%(upstream:remotename)%00%(upstream:remoteref) refs/heads/master refs/remotes/master [4ms]
2024-03-10 08:34:57.329 [info] > git status -z -uall [12ms]
2024-03-10 08:35:02.402 [info] > git config --get commit.template [24ms]
2024-03-10 08:35:02.406 [info] > git for-each-ref --format=%(refname)%00%(upstream:short)%00%(objectname)%00%(upstream:track)%00%(upstream:remotename)%00%(upstream:remoteref) refs/heads/master refs/remotes/master [7ms]
2024-03-10 08:35:02.453 [info] > git status -z -uall [32ms]
2024-03-10 08:35:07.608 [info] > git config --get commit.template [37ms]
2024-03-10 08:35:07.613 [info] > git for-each-ref --format=%(refname)%00%(upstream:short)%00%(objectname)%00%(upstream:track)%00%(upstream:remotename)%00%(upstream:remoteref) refs/heads/master refs/remotes/master [11ms]
2024-03-10 08:35:07.681 [info] > git status -z -uall [39ms]
2024-03-10 08:35:12.728 [info] > git config --get commit.template [13ms]
2024-03-10 08:35:12.730 [info] > git for-each-ref --format=%(refname)%00%(upstream:short)%00%(objectname)%00%(upstream:track)%00%(upstream:remotename)%00%(upstream:remoteref) refs/heads/master refs/remotes/master [3ms]
2024-03-10 08:35:12.751 [info] > git status -z -uall [12ms]
2024-03-10 08:35:17.802 [info] > git config --get commit.template [11ms]
2024-03-10 08:35:17.810 [info] > git for-each-ref --format=%(refname)%00%(upstream:short)%00%(objectname)%00%(upstream:track)%00%(upstream:remotename)%00%(upstream:remoteref) refs/heads/master refs/remotes/master [9ms]
2024-03-10 08:35:17.843 [info] > git status -z -uall [13ms]
2024-03-10 08:35:22.881 [info] > git config --get commit.template [3ms]
2024-03-10 08:35:22.892 [info] > git for-each-ref --format=%(refname)%00%(upstream:short)%00%(objectname)%00%(upstream:track)%00%(upstream:remotename)%00%(upstream:remoteref) refs/heads/master refs/remotes/master [2ms]
2024-03-10 08:35:22.918 [info] > git status -z -uall [17ms]
2024-03-10 08:35:27.970 [info] > git config --get commit.template [12ms]
2024-03-10 08:35:27.972 [info] > git for-each-ref --format=%(refname)%00%(upstream:short)%00%(objectname)%00%(upstream:track)%00%(upstream:remotename)%00%(upstream:remoteref) refs/heads/master refs/remotes/master [5ms]
2024-03-10 08:35:28.006 [info] > git status -z -uall [15ms]
2024-03-10 08:35:33.057 [info] > git config --get commit.template [11ms]
2024-03-10 08:35:33.058 [info] > git for-each-ref --format=%(refname)%00%(upstream:short)%00%(objectname)%00%(upstream:track)%00%(upstream:remotename)%00%(upstream:remoteref) refs/heads/master refs/remotes/master [2ms]
2024-03-10 08:35:33.079 [info] > git status -z -uall [12ms]
2024-03-10 08:35:38.123 [info] > git config --get commit.template [11ms]
2024-03-10 08:35:38.125 [info] > git for-each-ref --format=%(refname)%00%(upstream:short)%00%(objectname)%00%(upstream:track)%00%(upstream:remotename)%00%(upstream:remoteref) refs/heads/master refs/remotes/master [3ms]
2024-03-10 08:35:38.145 [info] > git status -z -uall [11ms]
2024-03-10 08:35:43.199 [info] > git config --get commit.template [21ms]
2024-03-10 08:35:43.211 [info] > git for-each-ref --format=%(refname)%00%(upstream:short)%00%(objectname)%00%(upstream:track)%00%(upstream:remotename)%00%(upstream:remoteref) refs/heads/master refs/remotes/master [12ms]
2024-03-10 08:35:43.258 [info] > git status -z -uall [29ms]
2024-03-10 08:35:48.304 [info] > git config --get commit.template [12ms]
2024-03-10 08:35:48.305 [info] > git for-each-ref --format=%(refname)%00%(upstream:short)%00%(objectname)%00%(upstream:track)%00%(upstream:remotename)%00%(upstream:remoteref) refs/heads/master refs/remotes/master [3ms]
2024-03-10 08:35:48.327 [info] > git status -z -uall [12ms]
2024-03-10 08:35:53.368 [info] > git config --get commit.template [10ms]
2024-03-10 08:35:53.370 [info] > git for-each-ref --format=%(refname)%00%(upstream:short)%00%(objectname)%00%(upstream:track)%00%(upstream:remotename)%00%(upstream:remoteref) refs/heads/master refs/remotes/master [3ms]
2024-03-10 08:35:53.390 [info] > git status -z -uall [12ms]
2024-03-10 08:35:58.449 [info] > git config --get commit.template [22ms]
2024-03-10 08:35:58.451 [info] > git for-each-ref --format=%(refname)%00%(upstream:short)%00%(objectname)%00%(upstream:track)%00%(upstream:remotename)%00%(upstream:remoteref) refs/heads/master refs/remotes/master [3ms]
2024-03-10 08:35:58.474 [info] > git status -z -uall [14ms]
2024-03-10 08:36:03.524 [info] > git config --get commit.template [11ms]
2024-03-10 08:36:03.526 [info] > git for-each-ref --format=%(refname)%00%(upstream:short)%00%(objectname)%00%(upstream:track)%00%(upstream:remotename)%00%(upstream:remoteref) refs/heads/master refs/remotes/master [3ms]
2024-03-10 08:36:03.551 [info] > git status -z -uall [12ms]
2024-03-10 08:36:08.598 [info] > git config --get commit.template [11ms]
2024-03-10 08:36:08.600 [info] > git for-each-ref --format=%(refname)%00%(upstream:short)%00%(objectname)%00%(upstream:track)%00%(upstream:remotename)%00%(upstream:remoteref) refs/heads/master refs/remotes/master [2ms]
2024-03-10 08:36:08.625 [info] > git status -z -uall [14ms]
2024-03-10 08:36:13.689 [info] > git config --get commit.template [24ms]
2024-03-10 08:36:13.693 [info] > git for-each-ref --format=%(refname)%00%(upstream:short)%00%(objectname)%00%(upstream:track)%00%(upstream:remotename)%00%(upstream:remoteref) refs/heads/master refs/remotes/master [4ms]
2024-03-10 08:36:13.737 [info] > git status -z -uall [22ms]
2024-03-10 08:36:18.788 [info] > git config --get commit.template [15ms]
2024-03-10 08:36:18.791 [info] > git for-each-ref --format=%(refname)%00%(upstream:short)%00%(objectname)%00%(upstream:track)%00%(upstream:remotename)%00%(upstream:remoteref) refs/heads/master refs/remotes/master [3ms]
2024-03-10 08:36:18.812 [info] > git status -z -uall [12ms]
2024-03-10 08:36:23.879 [info] > git config --get commit.template [15ms]
2024-03-10 08:36:23.882 [info] > git for-each-ref --format=%(refname)%00%(upstream:short)%00%(objectname)%00%(upstream:track)%00%(upstream:remotename)%00%(upstream:remoteref) refs/heads/master refs/remotes/master [4ms]
2024-03-10 08:36:23.902 [info] > git status -z -uall [11ms]
2024-03-10 08:36:28.381 [info] > git check-ignore -v -z --stdin [3ms]
2024-03-10 08:38:28.157 [info] > git check-ignore -v -z --stdin [8ms]
